<?xml version="1.0" encoding="UTF-8"?>
<testsuite xmlns:xsi="http://www.w3.org/2001/XMLSchema-instance" xsi:noNamespaceSchemaLocation="https://maven.apache.org/surefire/maven-surefire-plugin/xsd/surefire-test-report-3.0.xsd" version="3.0" name="com.example.sportsapi.SportsapiApplicationTests" time="2.885" tests="1" errors="0" skipped="0" failures="0">
  <properties>
[...]
</properties>
  <testcase name="contextLoads" classname="com.example.sportsapi.SportsapiApplicationTests" time="0.747">
    <system-out><![CDATA[19:58:23.219 [main] INFO org.springframework.test.context.support.AnnotationConfigContextLoaderUtils -- Could not detect default configuration classes for test class [com.example.sportsapi.SportsapiApplicationTests]: SportsapiApplicationTests does not declare any static, non-private, non-final, nested classes annotated with @Configuration.
19:58:23.315 [main] INFO org.springframework.boot.test.context.SpringBootTestContextBootstrapper -- Found @SpringBootConfiguration com.example.sportsapi.SportsapiApplication for test class com.example.sportsapi.SportsapiApplicationTests
19:58:23.486 [main] INFO org.springframework.boot.devtools.restart.RestartApplicationListener -- Restart disabled due to context in which it is running

  .   ____          _            __ _ _
 /\\ / ___'_ __ _ _(_)_ __  __ _ \ \ \ \
( ( )\___ | '_ | '_| | '_ \/ _` | \ \ \ \
 \\/  ___)| |_)| | | | | || (_| |  ) ) ) )
  '  |____| .__|_| |_|_| |_\__, | / / / /
 =========|_|==============|___/=/_/_/_/

 :: Spring Boot ::                (v3.3.5)

2024-12-01T19:58:23.754+03:00  INFO 82849 --- [           main] c.e.sportsapi.SportsapiApplicationTests  : Starting SportsapiApplicationTests using Java 17.0.13 with PID 82849 (started by omeryildiz in /Users/omeryildiz/Downloads/sportsapi)
2024-12-01T19:58:23.757+03:00  INFO 82849 --- [           main] c.e.sportsapi.SportsapiApplicationTests  : No active profile set, falling back to 1 default profile: "default"
2024-12-01T19:58:25.133+03:00  INFO 82849 --- [           main] c.e.sportsapi.SportsapiApplicationTests  : Started SportsapiApplicationTests in 1.66 seconds (process running for 2.746)
]]></system-out>
  </testcase>
</testsuite>