<?xml version="1.0" encoding="UTF-8"?>
<testsuite xmlns:xsi="http://www.w3.org/2001/XMLSchema-instance" xsi:noNamespaceSchemaLocation="https://maven.apache.org/surefire/maven-surefire-plugin/xsd/surefire-test-report-3.0.xsd" version="3.0" name="com.example.sportsapi.SportsapiApplicationTests" time="1.945" tests="1" errors="0" skipped="0" failures="0">
  <properties>
[...]
</properties>
  <testcase name="contextLoads" classname="com.example.sportsapi.SportsapiApplicationTests" time="0.507">
    <system-out><![CDATA[22:46:53.909 [main] INFO org.springframework.test.context.support.AnnotationConfigContextLoaderUtils -- Could not detect default configuration classes for test class [com.example.sportsapi.SportsapiApplicationTests]: SportsapiApplicationTests does not declare any static, non-private, non-final, nested classes annotated with @Configuration.
22:46:53.979 [main] INFO org.springframework.boot.test.context.SpringBootTestContextBootstrapper -- Found @SpringBootConfiguration com.example.sportsapi.SportsapiApplication for test class com.example.sportsapi.SportsapiApplicationTests
22:46:54.082 [main] INFO org.springframework.boot.devtools.restart.RestartApplicationListener -- Restart disabled due to context in which it is running

  .   ____          _            __ _ _
 /\\ / ___'_ __ _ _(_)_ __  __ _ \ \ \ \
( ( )\___ | '_ | '_| | '_ \/ _` | \ \ \ \
 \\/  ___)| |_)| | | | | || (_| |  ) ) ) )
  '  |____| .__|_| |_|_| |_\__, | / / / /
 =========|_|==============|___/=/_/_/_/

 :: Spring Boot ::                (v3.3.5)

2024-12-20T22:46:54.251+03:00  INFO 10674 --- [sportsapi] [           main] c.e.sportsapi.SportsapiApplicationTests  : Starting SportsapiApplicationTests using Java 17.0.13 with PID 10674 (started by omeryildiz in /Users/omeryildiz/Downloads/sportsapi)
2024-12-20T22:46:54.252+03:00  INFO 10674 --- [sportsapi] [           main] c.e.sportsapi.SportsapiApplicationTests  : No active profile set, falling back to 1 default profile: "default"
2024-12-20T22:46:55.170+03:00  INFO 10674 --- [sportsapi] [           main] c.g.c.s.core.DefaultCredentialsProvider  : Default credentials provider for user 764086051850-6qr4p6gpi6hn506pt8ejuq83di341hur.apps.googleusercontent.com
2024-12-20T22:46:55.170+03:00  INFO 10674 --- [sportsapi] [           main] c.g.c.s.core.DefaultCredentialsProvider  : Scopes in use by default credentials: [https://www.googleapis.com/auth/pubsub, https://www.googleapis.com/auth/spanner.admin, https://www.googleapis.com/auth/spanner.data, https://www.googleapis.com/auth/datastore, https://www.googleapis.com/auth/sqlservice.admin, https://www.googleapis.com/auth/devstorage.read_only, https://www.googleapis.com/auth/devstorage.read_write, https://www.googleapis.com/auth/cloudruntimeconfig, https://www.googleapis.com/auth/trace.append, https://www.googleapis.com/auth/cloud-platform, https://www.googleapis.com/auth/cloud-vision, https://www.googleapis.com/auth/bigquery, https://www.googleapis.com/auth/monitoring.write]
2024-12-20T22:46:55.171+03:00  INFO 10674 --- [sportsapi] [           main] c.g.c.s.a.c.GcpContextAutoConfiguration  : The default project ID is footballapi-443400
2024-12-20T22:46:55.226+03:00  INFO 10674 --- [sportsapi] [           main] c.e.sportsapi.SportsapiApplicationTests  : Started SportsapiApplicationTests in 1.152 seconds (process running for 1.747)
]]></system-out>
  </testcase>
</testsuite>